e:\study\focus\研一下课程\软件缺陷预测\recordplay2.0\debug\vc143.pdb
e:\study\focus\研一下课程\软件缺陷预测\recordplay2.0\debug\vc143.idb
e:\study\focus\研一下课程\软件缺陷预测\recordplay2.0\debug\dlgproc.obj
e:\study\focus\研一下课程\软件缺陷预测\recordplay2.0\debug\hookproc.obj
e:\study\focus\研一下课程\软件缺陷预测\recordplay2.0\debug\recordplay.obj
e:\study\focus\研一下课程\软件缺陷预测\recordplay2.0\debug\recordplay.res
e:\study\focus\研一下课程\软件缺陷预测\recordplay2.0\debug\recordplay.pdb
e:\study\focus\研一下课程\软件缺陷预测\recordplay2.0\debug\recordplay.tlog\cl.command.1.tlog
e:\study\focus\研一下课程\软件缺陷预测\recordplay2.0\debug\recordplay.tlog\cl.read.1.tlog
e:\study\focus\研一下课程\软件缺陷预测\recordplay2.0\debug\recordplay.tlog\cl.write.1.tlog
e:\study\focus\研一下课程\软件缺陷预测\recordplay2.0\debug\recordplay.tlog\link-cvtres.read.1.tlog
e:\study\focus\研一下课程\软件缺陷预测\recordplay2.0\debug\recordplay.tlog\link-cvtres.write.1.tlog
e:\study\focus\研一下课程\软件缺陷预测\recordplay2.0\debug\recordplay.tlog\link-rc.read.1.tlog
e:\study\focus\研一下课程\软件缺陷预测\recordplay2.0\debug\recordplay.tlog\link-rc.write.1.tlog
e:\study\focus\研一下课程\软件缺陷预测\recordplay2.0\debug\recordplay.tlog\link.20216-cvtres.read.1.tlog
e:\study\focus\研一下课程\软件缺陷预测\recordplay2.0\debug\recordplay.tlog\link.20216-cvtres.write.1.tlog
e:\study\focus\研一下课程\软件缺陷预测\recordplay2.0\debug\recordplay.tlog\link.20216-rc.read.1.tlog
e:\study\focus\研一下课程\软件缺陷预测\recordplay2.0\debug\recordplay.tlog\link.20216-rc.write.1.tlog
e:\study\focus\研一下课程\软件缺陷预测\recordplay2.0\debug\recordplay.tlog\link.20216.read.1.tlog
e:\study\focus\研一下课程\软件缺陷预测\recordplay2.0\debug\recordplay.tlog\link.20216.write.1.tlog
e:\study\focus\研一下课程\软件缺陷预测\recordplay2.0\debug\recordplay.tlog\link.command.1.tlog
e:\study\focus\研一下课程\软件缺陷预测\recordplay2.0\debug\recordplay.tlog\link.read.1.tlog
e:\study\focus\研一下课程\软件缺陷预测\recordplay2.0\debug\recordplay.tlog\link.write.1.tlog
e:\study\focus\研一下课程\软件缺陷预测\recordplay2.0\debug\recordplay.tlog\rc.command.1.tlog
e:\study\focus\研一下课程\软件缺陷预测\recordplay2.0\debug\recordplay.tlog\rc.read.1.tlog
e:\study\focus\研一下课程\软件缺陷预测\recordplay2.0\debug\recordplay.tlog\rc.write.1.tlog
